<?xml version="1.0" encoding="UTF-8"?>
<!-- Generated by org.testng.reporters.JUnitReportReporter -->
<testsuite hostname="DESKTOP-OL6KQDM" failures="0" tests="1" name="testNGXML_Study.TestXMLEg1" time="0.004" errors="0" timestamp="2022-07-26T17:51:17 IST" skipped="0">
  <testcase classname="testNGXML_Study.TestXMLEg1" name="c" time="0.004"/>
  <system-out>
    <![CDATA[c method is rumming]]>
  </system-out>
</testsuite> <!-- testNGXML_Study.TestXMLEg1 -->
