<?xml version="1.0" encoding="UTF-8"?>
<!-- Generated by org.testng.reporters.JUnitReportReporter -->
<testsuite hostname="DESKTOP-OL6KQDM" failures="0" tests="2" name="testNGAnnotations.Annotations_Study" time="0.021" errors="0" timestamp="2022-07-24T17:06:54 IST" skipped="0">
  <testcase classname="testNGAnnotations.Annotations_Study" name="testme" time="0.009"/>
  <system-out>
    <![CDATA[test me hi]]>
  </system-out>
  <testcase classname="testNGAnnotations.Annotations_Study" name="validateUserID" time="0.012"/>
  <system-out>
    <![CDATA[User ID is validated]]>
  </system-out>
</testsuite> <!-- testNGAnnotations.Annotations_Study -->
