<?xml version="1.0" encoding="UTF-8"?>
<!-- Generated by org.testng.reporters.JUnitReportReporter -->
<testsuite hostname="DESKTOP-OL6KQDM" failures="0" tests="1" name="testNGAnnotations.MyStudy" time="0.009" errors="0" timestamp="2022-07-24T17:20:12 IST" skipped="0">
  <testcase classname="testNGAnnotations.MyStudy" name="myMethod" time="0.009"/>
  <system-out>
    <![CDATA[my method is running]]>
  </system-out>
</testsuite> <!-- testNGAnnotations.MyStudy -->
