<?xml version="1.0" encoding="UTF-8"?>
<!-- Generated by org.testng.reporters.JUnitReportReporter -->
<testsuite hostname="DESKTOP-OL6KQDM" failures="0" tests="1" name="testNG.Ex_one" time="0.049" errors="0" timestamp="2022-07-21T21:31:23 IST" skipped="0">
  <testcase classname="testNG.Ex_one" name="Demo" time="0.049"/>
  <system-out/>
</testsuite> <!-- testNG.Ex_one -->
