<?xml version="1.0" encoding="UTF-8"?>
<!-- Generated by org.testng.reporters.JUnitReportReporter -->
<testsuite hostname="DESKTOP-OL6KQDM" failures="0" tests="1" name="testNG_Study.TestNGFireTest" time="50.364" errors="0" timestamp="2022-07-30T11:35:05 IST" skipped="0">
  <testcase classname="testNG_Study.TestNGFireTest" name="launchKite" time="50.364"/>
  <system-out/>
</testsuite> <!-- testNG_Study.TestNGFireTest -->
