<?xml version="1.0" encoding="UTF-8"?>
<!-- Generated by org.testng.reporters.JUnitReportReporter -->
<testsuite hostname="DESKTOP-OL6KQDM" failures="0" tests="2" name="testNGXML_Study.TestXMLEg2" time="0.019" errors="0" timestamp="2022-07-26T17:51:17 IST" skipped="0">
  <testcase classname="testNGXML_Study.TestXMLEg2" name="e" time="0.003"/>
  <system-out>
    <![CDATA[e method is rumming]]>
  </system-out>
  <testcase classname="testNGXML_Study.TestXMLEg2" name="g" time="0.016"/>
  <system-out>
    <![CDATA[g method is rumming]]>
  </system-out>
</testsuite> <!-- testNGXML_Study.TestXMLEg2 -->
