<?xml version="1.0" encoding="UTF-8"?>
<!-- Generated by org.testng.reporters.JUnitReportReporter -->
<testsuite hostname="DESKTOP-OL6KQDM" failures="0" tests="1" name="testNG.MyMethod" time="0.018" errors="0" timestamp="2022-07-24T16:58:20 IST" skipped="0">
  <testcase classname="testNG.MyMethod" name="myStudy" time="0.018"/>
  <system-out>
    <![CDATA[Hii this is printing in a reporter log wihtout boolean value
Hii this is printing in a reporter log wiht boolean value]]>
  </system-out>
</testsuite> <!-- testNG.MyMethod -->
