<?xml version="1.0" encoding="UTF-8"?>
<!-- Generated by org.testng.reporters.JUnitReportReporter -->
<testsuite hostname="DESKTOP-OL6KQDM" failures="0" tests="2" name="crossBrowTestNG_Study.CrossBrowTestStudy" time="77.110" errors="0" timestamp="2022-08-07T12:57:16 IST" skipped="0">
  <testcase classname="crossBrowTestNG_Study.CrossBrowTestStudy" name="launchKiteMethod" time="36.176"/>
  <system-out/>
  <testcase classname="crossBrowTestNG_Study.CrossBrowTestStudy" name="launchKiteMethod" time="40.934"/>
  <system-out/>
</testsuite> <!-- crossBrowTestNG_Study.CrossBrowTestStudy -->
