<?xml version="1.0" encoding="UTF-8"?>
<!-- Generated by org.testng.reporters.JUnitReportReporter -->
<testsuite hostname="DESKTOP-OL6KQDM" failures="0" tests="2" name="testNG.ReportLogStudy" time="41.501" errors="0" timestamp="2022-07-24T16:50:25 IST" skipped="0">
  <testcase classname="testNG.ReportLogStudy" name="launchFb" time="31.576"/>
  <system-out/>
  <testcase classname="testNG.ReportLogStudy" name="launchkitePage" time="9.925"/>
  <system-out/>
</testsuite> <!-- testNG.ReportLogStudy -->
